#
# There is insufficient memory for the Java Runtime Environment to continue.
# Native memory allocation (malloc) failed to allocate 116304 bytes for Chunk::new
# Possible reasons:
#   The system is out of physical RAM or swap space
#   The process is running with CompressedOops enabled, and the Java Heap may be blocking the growth of the native heap
# Possible solutions:
#   Reduce memory load on the system
#   Increase physical memory or swap space
#   Check if swap backing store is full
#   Decrease Java heap size (-Xmx/-Xms)
#   Decrease number of Java threads
#   Decrease Java thread stack sizes (-Xss)
#   Set larger code cache with -XX:ReservedCodeCacheSize=
#   JVM is running with Unscaled Compressed Oops mode in which the Java heap is
#     placed in the first 4GB address space. The Java Heap base address is the
#     maximum limit for the native heap growth. Please use -XX:HeapBaseMinAddress
#     to set the Java Heap base and to place the Java Heap above 4GB virtual address.
# This output file may be truncated or incomplete.
#
#  Out of Memory Error (allocation.cpp:389), pid=12968, tid=0x0000000000004ba4
#
# JRE version: OpenJDK Runtime Environment (8.0_212-b04) (build 1.8.0_212-release-1586-b04)
# Java VM: OpenJDK 64-Bit Server VM (25.212-b04 mixed mode windows-amd64 compressed oops)
# Failed to write core dump. Minidumps are not enabled by default on client versions of Windows
#

---------------  T H R E A D  ---------------

Current thread (0x0000000018d83800):  JavaThread "C2 CompilerThread0" daemon [_thread_in_native, id=19364, stack(0x0000000019340000,0x0000000019440000)]

Stack: [0x0000000019340000,0x0000000019440000]
[error occurred during error reporting (printing stack bounds), id 0xc0000005]

Native frames: (J=compiled Java code, j=interpreted, Vv=VM code, C=native code)


Current CompileTask:
C2:  13155 4746       4       org.jetbrains.kotlin.load.java.structure.impl.classFiles.BinaryJavaMethodBase$Companion::create (492 bytes)


---------------  P R O C E S S  ---------------

Java Threads: ( => current thread )
  0x000000001798d800 JavaThread "Service Thread" daemon [_thread_blocked, id=14024, stack(0x0000000019640000,0x0000000019740000)]
  0x0000000017963000 JavaThread "C1 CompilerThread2" daemon [_thread_blocked, id=15368, stack(0x0000000019540000,0x0000000019640000)]
  0x000000001795a800 JavaThread "C2 CompilerThread1" daemon [_thread_in_native, id=19240, stack(0x0000000019440000,0x0000000019540000)]
=>0x0000000018d83800 JavaThread "C2 CompilerThread0" daemon [_thread_in_native, id=19364, stack(0x0000000019340000,0x0000000019440000)]
  0x0000000017944800 JavaThread "Attach Listener" daemon [_thread_blocked, id=3764, stack(0x0000000019240000,0x0000000019340000)]
  0x0000000017943800 JavaThread "Signal Dispatcher" daemon [_thread_blocked, id=17612, stack(0x0000000019140000,0x0000000019240000)]
  0x000000001791b000 JavaThread "Finalizer" daemon [_thread_blocked, id=10784, stack(0x0000000018bb0000,0x0000000018cb0000)]
  0x0000000002ec6800 JavaThread "Reference Handler" daemon [_thread_blocked, id=8864, stack(0x0000000018ab0000,0x0000000018bb0000)]
  0x0000000002dd6800 JavaThread "main" [_thread_in_Java, id=11972, stack(0x0000000002cd0000,0x0000000002dd0000)]

Other Threads:
  0x00000000178f6800 VMThread [stack: 0x00000000189b0000,0x0000000018ab0000] [id=5000]
  0x0000000018ddc800 WatcherThread [stack: 0x0000000019740000,0x0000000019840000] [id=10412]

VM state:not at safepoint (normal execution)

VM Mutex/Monitor currently owned by a thread: None

heap address: 0x0000000083600000, size: 1994 MB, Compressed Oops mode: 32-bit
Narrow klass base: 0x0000000000000000, Narrow klass shift: 3
Compressed class space size: 1073741824 Address: 0x0000000100000000

Heap:
 PSYoungGen      total 80384K, used 67144K [0x00000000d6780000, 0x00000000ddc00000, 0x0000000100000000)
  eden space 65024K, 81% used [0x00000000d6780000,0x00000000d9b4e088,0x00000000da700000)
  from space 15360K, 91% used [0x00000000da700000,0x00000000db4c42f0,0x00000000db600000)
  to   space 16896K, 0% used [0x00000000dcb80000,0x00000000dcb80000,0x00000000ddc00000)
 ParOldGen       total 115200K, used 17461K [0x0000000083600000, 0x000000008a680000, 0x00000000d6780000)
  object space 115200K, 15% used [0x0000000083600000,0x000000008470d530,0x000000008a680000)
 Metaspace       used 45734K, capacity 46524K, committed 46640K, reserved 1089536K
  class space    used 5706K, capacity 5907K, committed 5936K, reserved 1048576K

Card table byte_map: [0x0000000012290000,0x0000000012680000] byte_map_base: 0x0000000011e75000

Marking Bits: (ParMarkBitMap*) 0x000000006b5b9f30
 Begin Bits: [0x0000000012d20000, 0x0000000014c48000)
 End Bits:   [0x0000000014c48000, 0x0000000016b70000)

Polling page: 0x0000000002920000

CodeCache: size=245760Kb used=14753Kb max_used=14753Kb free=231006Kb
 bounds [0x0000000002ed0000, 0x0000000003d50000, 0x0000000011ed0000]
 total_blobs=5133 nmethods=4668 adapters=376
 compilation: enabled

Compilation events (10 events):
Event: 13.123 Thread 0x0000000017963000 4964       3       java.util.Collections$SetFromMap::add (22 bytes)
Event: 13.123 Thread 0x0000000017963000 nmethod 4964 0x0000000003d3c850 code [0x0000000003d3c9c0, 0x0000000003d3cc48]
Event: 13.127 Thread 0x0000000017963000 4965       3       org.jetbrains.kotlin.cli.jvm.compiler.KotlinToJVMBytecodeCompiler$DirectoriesScope::contains (58 bytes)
Event: 13.128 Thread 0x0000000017963000 nmethod 4965 0x0000000003d3bc50 code [0x0000000003d3be20, 0x0000000003d3c5a8]
Event: 13.128 Thread 0x0000000017963000 4966       3       org.jetbrains.kotlin.cli.jvm.compiler.TopDownAnalyzerFacadeForJVM$AllJavaSourcesInProjectScope::contains (29 bytes)
Event: 13.129 Thread 0x0000000017963000 nmethod 4966 0x0000000003d3b2d0 code [0x0000000003d3b4a0, 0x0000000003d3ba68]
Event: 13.135 Thread 0x0000000017963000 4967       3       org.jetbrains.kotlin.com.intellij.psi.search.GlobalSearchScope$FilesScope::contains (19 bytes)
Event: 13.136 Thread 0x0000000017963000 nmethod 4967 0x0000000003d3add0 code [0x0000000003d3af40, 0x0000000003d3b1d8]
Event: 13.136 Thread 0x0000000017963000 4968       3       org.jetbrains.kotlin.com.intellij.openapi.vfs.CompactVirtualFileSet::contains (61 bytes)
Event: 13.137 Thread 0x0000000017963000 nmethod 4968 0x0000000003d3a150 code [0x0000000003d3a320, 0x0000000003d3ab98]

GC Heap History (10 events):
Event: 5.282 GC heap before
{Heap before GC invocations=5 (full 1):
 PSYoungGen      total 37888K, used 32768K [0x00000000d6780000, 0x00000000db180000, 0x0000000100000000)
  eden space 32768K, 100% used [0x00000000d6780000,0x00000000d8780000,0x00000000d8780000)
  from space 5120K, 0% used [0x00000000d8780000,0x00000000d8780000,0x00000000d8c80000)
  to   space 5120K, 0% used [0x00000000dac80000,0x00000000dac80000,0x00000000db180000)
 ParOldGen       total 67584K, used 9603K [0x0000000083600000, 0x0000000087800000, 0x00000000d6780000)
  object space 67584K, 14% used [0x0000000083600000,0x0000000083f60e48,0x0000000087800000)
 Metaspace       used 24407K, capacity 25012K, committed 25136K, reserved 1071104K
  class space    used 2925K, capacity 3092K, committed 3120K, reserved 1048576K
Event: 5.293 GC heap after
Heap after GC invocations=5 (full 1):
 PSYoungGen      total 50688K, used 5090K [0x00000000d6780000, 0x00000000db180000, 0x0000000100000000)
  eden space 45568K, 0% used [0x00000000d6780000,0x00000000d6780000,0x00000000d9400000)
  from space 5120K, 99% used [0x00000000dac80000,0x00000000db1789d8,0x00000000db180000)
  to   space 5120K, 0% used [0x00000000da780000,0x00000000da780000,0x00000000dac80000)
 ParOldGen       total 67584K, used 11734K [0x0000000083600000, 0x0000000087800000, 0x00000000d6780000)
  object space 67584K, 17% used [0x0000000083600000,0x0000000084175a10,0x0000000087800000)
 Metaspace       used 24407K, capacity 25012K, committed 25136K, reserved 1071104K
  class space    used 2925K, capacity 3092K, committed 3120K, reserved 1048576K
}
Event: 6.803 GC heap before
{Heap before GC invocations=6 (full 1):
 PSYoungGen      total 50688K, used 50658K [0x00000000d6780000, 0x00000000db180000, 0x0000000100000000)
  eden space 45568K, 100% used [0x00000000d6780000,0x00000000d9400000,0x00000000d9400000)
  from space 5120K, 99% used [0x00000000dac80000,0x00000000db1789d8,0x00000000db180000)
  to   space 5120K, 0% used [0x00000000da780000,0x00000000da780000,0x00000000dac80000)
 ParOldGen       total 67584K, used 11734K [0x0000000083600000, 0x0000000087800000, 0x00000000d6780000)
  object space 67584K, 17% used [0x0000000083600000,0x0000000084175a10,0x0000000087800000)
 Metaspace       used 31730K, capacity 32287K, committed 32432K, reserved 1077248K
  class space    used 4029K, capacity 4187K, committed 4272K, reserved 1048576K
Event: 6.831 GC heap after
Heap after GC invocations=6 (full 1):
 PSYoungGen      total 69632K, used 5090K [0x00000000d6780000, 0x00000000dc580000, 0x0000000100000000)
  eden space 64512K, 0% used [0x00000000d6780000,0x00000000d6780000,0x00000000da680000)
  from space 5120K, 99% used [0x00000000da780000,0x00000000dac78918,0x00000000dac80000)
  to   space 15872K, 0% used [0x00000000db600000,0x00000000db600000,0x00000000dc580000)
 ParOldGen       total 67584K, used 22845K [0x0000000083600000, 0x0000000087800000, 0x00000000d6780000)
  object space 67584K, 33% used [0x0000000083600000,0x0000000084c4f490,0x0000000087800000)
 Metaspace       used 31730K, capacity 32287K, committed 32432K, reserved 1077248K
  class space    used 4029K, capacity 4187K, committed 4272K, reserved 1048576K
}
Event: 7.502 GC heap before
{Heap before GC invocations=7 (full 1):
 PSYoungGen      total 69632K, used 19258K [0x00000000d6780000, 0x00000000dc580000, 0x0000000100000000)
  eden space 64512K, 21% used [0x00000000d6780000,0x00000000d75560b8,0x00000000da680000)
  from space 5120K, 99% used [0x00000000da780000,0x00000000dac78918,0x00000000dac80000)
  to   space 15872K, 0% used [0x00000000db600000,0x00000000db600000,0x00000000dc580000)
 ParOldGen       total 67584K, used 22845K [0x0000000083600000, 0x0000000087800000, 0x00000000d6780000)
  object space 67584K, 33% used [0x0000000083600000,0x0000000084c4f490,0x0000000087800000)
 Metaspace       used 34753K, capacity 35282K, committed 35496K, reserved 1081344K
  class space    used 4428K, capacity 4582K, committed 4656K, reserved 1048576K
Event: 7.521 GC heap after
Heap after GC invocations=7 (full 1):
 PSYoungGen      total 80896K, used 9009K [0x00000000d6780000, 0x00000000de200000, 0x0000000100000000)
  eden space 65024K, 0% used [0x00000000d6780000,0x00000000d6780000,0x00000000da700000)
  from space 15872K, 56% used [0x00000000db600000,0x00000000dbecc400,0x00000000dc580000)
  to   space 15360K, 0% used [0x00000000da700000,0x00000000da700000,0x00000000db600000)
 ParOldGen       total 67584K, used 22853K [0x0000000083600000, 0x0000000087800000, 0x00000000d6780000)
  object space 67584K, 33% used [0x0000000083600000,0x0000000084c51490,0x0000000087800000)
 Metaspace       used 34753K, capacity 35282K, committed 35496K, reserved 1081344K
  class space    used 4428K, capacity 4582K, committed 4656K, reserved 1048576K
}
Event: 7.521 GC heap before
{Heap before GC invocations=8 (full 2):
 PSYoungGen      total 80896K, used 9009K [0x00000000d6780000, 0x00000000de200000, 0x0000000100000000)
  eden space 65024K, 0% used [0x00000000d6780000,0x00000000d6780000,0x00000000da700000)
  from space 15872K, 56% used [0x00000000db600000,0x00000000dbecc400,0x00000000dc580000)
  to   space 15360K, 0% used [0x00000000da700000,0x00000000da700000,0x00000000db600000)
 ParOldGen       total 67584K, used 22853K [0x0000000083600000, 0x0000000087800000, 0x00000000d6780000)
  object space 67584K, 33% used [0x0000000083600000,0x0000000084c51490,0x0000000087800000)
 Metaspace       used 34753K, capacity 35282K, committed 35496K, reserved 1081344K
  class space    used 4428K, capacity 4582K, committed 4656K, reserved 1048576K
Event: 7.702 GC heap after
Heap after GC invocations=8 (full 2):
 PSYoungGen      total 80896K, used 0K [0x00000000d6780000, 0x00000000de200000, 0x0000000100000000)
  eden space 65024K, 0% used [0x00000000d6780000,0x00000000d6780000,0x00000000da700000)
  from space 15872K, 0% used [0x00000000db600000,0x00000000db600000,0x00000000dc580000)
  to   space 15360K, 0% used [0x00000000da700000,0x00000000da700000,0x00000000db600000)
 ParOldGen       total 115200K, used 17453K [0x0000000083600000, 0x000000008a680000, 0x00000000d6780000)
  object space 115200K, 15% used [0x0000000083600000,0x000000008470b530,0x000000008a680000)
 Metaspace       used 34753K, capacity 35282K, committed 35496K, reserved 1081344K
  class space    used 4428K, capacity 4582K, committed 4656K, reserved 1048576K
}
Event: 10.383 GC heap before
{Heap before GC invocations=9 (full 2):
 PSYoungGen      total 80896K, used 65024K [0x00000000d6780000, 0x00000000de200000, 0x0000000100000000)
  eden space 65024K, 100% used [0x00000000d6780000,0x00000000da700000,0x00000000da700000)
  from space 15872K, 0% used [0x00000000db600000,0x00000000db600000,0x00000000dc580000)
  to   space 15360K, 0% used [0x00000000da700000,0x00000000da700000,0x00000000db600000)
 ParOldGen       total 115200K, used 17453K [0x0000000083600000, 0x000000008a680000, 0x00000000d6780000)
  object space 115200K, 15% used [0x0000000083600000,0x000000008470b530,0x000000008a680000)
 Metaspace       used 42649K, capacity 43448K, committed 43696K, reserved 1087488K
  class space    used 5467K, capacity 5689K, committed 5808K, reserved 1048576K
Event: 10.404 GC heap after
Heap after GC invocations=9 (full 2):
 PSYoungGen      total 80384K, used 14096K [0x00000000d6780000, 0x00000000ddc00000, 0x0000000100000000)
  eden space 65024K, 0% used [0x00000000d6780000,0x00000000d6780000,0x00000000da700000)
  from space 15360K, 91% used [0x00000000da700000,0x00000000db4c42f0,0x00000000db600000)
  to   space 16896K, 0% used [0x00000000dcb80000,0x00000000dcb80000,0x00000000ddc00000)
 ParOldGen       total 115200K, used 17461K [0x0000000083600000, 0x000000008a680000, 0x00000000d6780000)
  object space 115200K, 15% used [0x0000000083600000,0x000000008470d530,0x000000008a680000)
 Metaspace       used 42649K, capacity 43448K, committed 43696K, reserved 1087488K
  class space    used 5467K, capacity 5689K, committed 5808K, reserved 1048576K
}

Deoptimization events (10 events):
Event: 10.820 Thread 0x0000000002dd6800 Uncommon trap: reason=class_check action=maybe_recompile pc=0x0000000003681ad0 method=java.lang.Character.codePointAt(Ljava/lang/CharSequence;I)I @ 2
Event: 10.970 Thread 0x0000000002dd6800 Uncommon trap: reason=unstable_if action=reinterpret pc=0x00000000038ff1e4 method=org.jetbrains.org.objectweb.asm.Type.getDescriptor()Ljava/lang/String; @ 35
Event: 12.082 Thread 0x0000000002dd6800 Uncommon trap: reason=bimorphic action=maybe_recompile pc=0x0000000003c37040 method=org.jetbrains.kotlin.types.FlexibleType.getConstructor()Lorg/jetbrains/kotlin/types/TypeConstructor; @ 4
Event: 12.111 Thread 0x0000000002dd6800 Uncommon trap: reason=unstable_if action=reinterpret pc=0x0000000003c49234 method=org.jetbrains.org.objectweb.asm.ClassReader.<init>([BIZ)V @ 23
Event: 12.179 Thread 0x0000000002dd6800 Uncommon trap: reason=bimorphic action=maybe_recompile pc=0x0000000003c37040 method=org.jetbrains.kotlin.types.FlexibleType.getConstructor()Lorg/jetbrains/kotlin/types/TypeConstructor; @ 4
Event: 12.180 Thread 0x0000000002dd6800 Uncommon trap: reason=bimorphic action=maybe_recompile pc=0x0000000003c37040 method=org.jetbrains.kotlin.types.FlexibleType.getConstructor()Lorg/jetbrains/kotlin/types/TypeConstructor; @ 4
Event: 12.180 Thread 0x0000000002dd6800 Uncommon trap: reason=bimorphic action=maybe_recompile pc=0x0000000003c37040 method=org.jetbrains.kotlin.types.FlexibleType.getConstructor()Lorg/jetbrains/kotlin/types/TypeConstructor; @ 4
Event: 12.682 Thread 0x0000000002dd6800 Uncommon trap: reason=class_check action=maybe_recompile pc=0x0000000003681ad0 method=java.lang.Character.codePointAt(Ljava/lang/CharSequence;I)I @ 2
Event: 12.682 Thread 0x0000000002dd6800 Uncommon trap: reason=class_check action=maybe_recompile pc=0x0000000003681ad0 method=java.lang.Character.codePointAt(Ljava/lang/CharSequence;I)I @ 2
Event: 12.834 Thread 0x0000000002dd6800 Uncommon trap: reason=unstable_if action=reinterpret pc=0x00000000038383c0 method=org.jetbrains.kotlin.name.Name.hashCode()I @ 16

Classes redefined (0 events):
No events

Internal exceptions (10 events):
Event: 5.899 Thread 0x0000000002dd6800 Exception <a 'java/lang/ArrayIndexOutOfBoundsException': 126> (0x00000000d77c3f88) thrown at [D:\src\AOSP-openjdk-cygwin\jdk8u\hotspot\src\share\vm\interpreter\interpreterRuntime.cpp, line 368]
Event: 5.900 Thread 0x0000000002dd6800 Exception <a 'java/lang/ArrayIndexOutOfBoundsException': 86> (0x00000000d77c5410) thrown at [D:\src\AOSP-openjdk-cygwin\jdk8u\hotspot\src\share\vm\interpreter\interpreterRuntime.cpp, line 368]
Event: 7.285 Thread 0x0000000002dd6800 Implicit null exception at 0x00000000035cc9ba to 0x00000000035ccab9
Event: 7.397 Thread 0x0000000002dd6800 Exception <a 'java/lang/NoSuchMethodError': java.lang.Object.lambda$static$0(I)[Lorg/jetbrains/kotlin/psi/KtExpression;> (0x00000000d72dfbb0) thrown at [D:\src\AOSP-openjdk-cygwin\jdk8u\hotspot\src\share\vm\interpreter\linkResolver.cpp, line 620]
Event: 7.787 Thread 0x0000000002dd6800 Exception <a 'java/lang/NoSuchMethodError': java.lang.Object.lambda$static$0(I)[Lorg/jetbrains/kotlin/psi/KtDeclaration;> (0x00000000d6912c18) thrown at [D:\src\AOSP-openjdk-cygwin\jdk8u\hotspot\src\share\vm\interpreter\linkResolver.cpp, line 620]
Event: 7.896 Thread 0x0000000002dd6800 Exception <a 'java/lang/NoSuchMethodError': java.lang.Object.lambda$static$0(I)[Lorg/jetbrains/kotlin/psi/KtTypeElement;> (0x00000000d6a9a828) thrown at [D:\src\AOSP-openjdk-cygwin\jdk8u\hotspot\src\share\vm\interpreter\linkResolver.cpp, line 620]
Event: 8.903 Thread 0x0000000002dd6800 Exception <a 'java/lang/NoSuchMethodError': java.lang.Object.lambda$static$0(I)[Lorg/jetbrains/kotlin/com/intellij/psi/PsiClass;> (0x00000000d823e1e0) thrown at [D:\src\AOSP-openjdk-cygwin\jdk8u\hotspot\src\share\vm\interpreter\linkResolver.cpp, line 620]
Event: 10.297 Thread 0x0000000002dd6800 Exception <a 'java/lang/NoSuchMethodError': java.lang.Object.lambda$static$0(I)[Lorg/jetbrains/kotlin/com/intellij/psi/PsiReference;> (0x00000000da575ae8) thrown at [D:\src\AOSP-openjdk-cygwin\jdk8u\hotspot\src\share\vm\interpreter\linkResolver.cpp, line 
Event: 10.320 Thread 0x0000000002dd6800 Exception <a 'java/lang/NoSuchMethodError': java.lang.Object.lambda$static$0(I)[Lorg/jetbrains/kotlin/com/intellij/psi/PsiTypeElement;> (0x00000000da5cade8) thrown at [D:\src\AOSP-openjdk-cygwin\jdk8u\hotspot\src\share\vm\interpreter\linkResolver.cpp, lin
Event: 10.374 Thread 0x0000000002dd6800 Exception <a 'java/lang/NoSuchMethodError': java.lang.Object.lambda$static$0(I)[Lorg/jetbrains/kotlin/com/intellij/psi/PsiTypeParameter;> (0x00000000da6cf090) thrown at [D:\src\AOSP-openjdk-cygwin\jdk8u\hotspot\src\share\vm\interpreter\linkResolver.cpp, l

Events (10 events):
Event: 12.999 loading class org/jetbrains/kotlin/synthetic/JavaSyntheticPropertiesScope$SyntheticPropertyHolder$Companion
Event: 12.999 loading class org/jetbrains/kotlin/synthetic/JavaSyntheticPropertiesScope$SyntheticPropertyHolder$Companion done
Event: 13.000 loading class org/jetbrains/kotlin/resolve/calls/tower/TowerResolver$Task$createNonLocalLevels$1
Event: 13.000 loading class org/jetbrains/kotlin/resolve/calls/tower/TowerResolver$Task$createNonLocalLevels$1 done
Event: 13.001 loading class org/jetbrains/kotlin/resolve/calls/tower/TowerData$ForLookupForNoExplicitReceiver
Event: 13.001 loading class org/jetbrains/kotlin/resolve/calls/tower/TowerData$ForLookupForNoExplicitReceiver done
Event: 13.002 loading class org/jetbrains/kotlin/resolve/calls/tower/ImportingScopeBasedTowerLevel
Event: 13.002 loading class org/jetbrains/kotlin/resolve/calls/tower/ImportingScopeBasedTowerLevel done
Event: 13.005 loading class org/jetbrains/kotlin/resolve/scopes/MemberScopeKt
Event: 13.005 loading class org/jetbrains/kotlin/resolve/scopes/MemberScopeKt done


Dynamic libraries:
0x00007ff7d6bd0000 - 0x00007ff7d6c01000 	E:\Android Studio\jre\jre\bin\java.exe
0x00007ffac87a0000 - 0x00007ffac8990000 	C:\WINDOWS\SYSTEM32\ntdll.dll
0x00007ffac7510000 - 0x00007ffac75c2000 	C:\WINDOWS\System32\KERNEL32.DLL
0x00007ffac58c0000 - 0x00007ffac5b63000 	C:\WINDOWS\System32\KERNELBASE.dll
0x00007ffac7df0000 - 0x00007ffac7e93000 	C:\WINDOWS\System32\ADVAPI32.dll
0x00007ffac7fa0000 - 0x00007ffac803e000 	C:\WINDOWS\System32\msvcrt.dll
0x00007ffac6e70000 - 0x00007ffac6f07000 	C:\WINDOWS\System32\sechost.dll
0x00007ffac6bf0000 - 0x00007ffac6d10000 	C:\WINDOWS\System32\RPCRT4.dll
0x00007ffac6f10000 - 0x00007ffac70a4000 	C:\WINDOWS\System32\USER32.dll
0x00007ffac5890000 - 0x00007ffac58b1000 	C:\WINDOWS\System32\win32u.dll
0x00007ffac7ea0000 - 0x00007ffac7ec6000 	C:\WINDOWS\System32\GDI32.dll
0x00007ffac5bf0000 - 0x00007ffac5d84000 	C:\WINDOWS\System32\gdi32full.dll
0x00007ffac6030000 - 0x00007ffac60ce000 	C:\WINDOWS\System32\msvcp_win.dll
0x00007ffac5de0000 - 0x00007ffac5eda000 	C:\WINDOWS\System32\ucrtbase.dll
0x00007ffaaa560000 - 0x00007ffaaa7e5000 	C:\WINDOWS\WinSxS\amd64_microsoft.windows.common-controls_6595b64144ccf1df_6.0.18362.778_none_e6c6b761130d4fb8\COMCTL32.dll
0x00007ffac6850000 - 0x00007ffac6b86000 	C:\WINDOWS\System32\combase.dll
0x00007ffac5b70000 - 0x00007ffac5bf0000 	C:\WINDOWS\System32\bcryptPrimitives.dll
0x00007ffac75d0000 - 0x00007ffac75fe000 	C:\WINDOWS\System32\IMM32.DLL
0x000000006cd80000 - 0x000000006ce52000 	E:\Android Studio\jre\jre\bin\msvcr100.dll
0x000000006adf0000 - 0x000000006b636000 	E:\Android Studio\jre\jre\bin\server\jvm.dll
0x00007ffac7680000 - 0x00007ffac7688000 	C:\WINDOWS\System32\PSAPI.DLL
0x00007ffab4110000 - 0x00007ffab4119000 	C:\WINDOWS\SYSTEM32\WSOCK32.dll
0x00007ffac3260000 - 0x00007ffac3284000 	C:\WINDOWS\SYSTEM32\WINMM.dll
0x00007ffab51a0000 - 0x00007ffab51aa000 	C:\WINDOWS\SYSTEM32\VERSION.dll
0x00007ffac7d80000 - 0x00007ffac7def000 	C:\WINDOWS\System32\WS2_32.dll
0x00007ffac3230000 - 0x00007ffac325d000 	C:\WINDOWS\SYSTEM32\WINMMBASE.dll
0x00007ffac5d90000 - 0x00007ffac5dda000 	C:\WINDOWS\System32\cfgmgr32.dll
0x00007ffac37a0000 - 0x00007ffac37af000 	E:\Android Studio\jre\jre\bin\verify.dll
0x00007ffac3770000 - 0x00007ffac3799000 	E:\Android Studio\jre\jre\bin\java.dll
0x00007ffac3750000 - 0x00007ffac3766000 	E:\Android Studio\jre\jre\bin\zip.dll
0x00007ffac7690000 - 0x00007ffac7d75000 	C:\WINDOWS\System32\SHELL32.dll
0x00007ffac8110000 - 0x00007ffac81b9000 	C:\WINDOWS\System32\shcore.dll
0x00007ffac60d0000 - 0x00007ffac6850000 	C:\WINDOWS\System32\windows.storage.dll
0x00007ffac5670000 - 0x00007ffac5693000 	C:\WINDOWS\System32\profapi.dll
0x00007ffac56e0000 - 0x00007ffac572a000 	C:\WINDOWS\System32\powrprof.dll
0x00007ffac5660000 - 0x00007ffac5670000 	C:\WINDOWS\System32\UMPDC.dll
0x00007ffac74b0000 - 0x00007ffac7502000 	C:\WINDOWS\System32\shlwapi.dll
0x00007ffac56a0000 - 0x00007ffac56b1000 	C:\WINDOWS\System32\kernel.appcore.dll
0x00007ffac5730000 - 0x00007ffac5747000 	C:\WINDOWS\System32\cryptsp.dll
0x00007ffabf100000 - 0x00007ffabf11a000 	E:\Android Studio\jre\jre\bin\net.dll
0x00007ffab89b0000 - 0x00007ffab8b85000 	C:\WINDOWS\SYSTEM32\urlmon.dll
0x00007ffab8cb0000 - 0x00007ffab8f56000 	C:\WINDOWS\SYSTEM32\iertutil.dll
0x00007ffac5190000 - 0x00007ffac519c000 	C:\WINDOWS\SYSTEM32\CRYPTBASE.DLL
0x00007ffac4e70000 - 0x00007ffac4ed7000 	C:\WINDOWS\system32\mswsock.dll
0x00007ffabc550000 - 0x00007ffabc563000 	E:\Android Studio\jre\jre\bin\nio.dll

VM Arguments:
java_command: org.jetbrains.kotlin.cli.jvm.K2JVMCompiler -Xallow-no-source-files -classpath E:\Android\StudioProjects\MyMapDiary\app\build\intermediates\compile_and_runtime_not_namespaced_r_class_jar\debug\R.jar;C:\Users\Administrator\.gradle\caches\transforms-2\files-2.1\ffb96ddd5317a89c726636b50d4b1618\databinding-adapters-3.6.3-api.jar;C:\Users\Administrator\.gradle\caches\transforms-2\files-2.1\c762bf66619c415fd9950a7811a2862b\databinding-runtime-3.6.3-api.jar;C:\Users\Administrator\.gradle\caches\modules-2\files-2.1\androidx.databinding\databinding-common\3.6.3\555fa9bb14c6214e7ebbce7a0a2016d3c9a365f1\databinding-common-3.6.3.jar;C:\Users\Administrator\.gradle\caches\transforms-2\files-2.1\ae8211c85e5346f8b92c88e3c60285c1\jetified-viewbinding-3.6.3-api.jar;C:\Users\Administrator\.gradle\caches\transforms-2\files-2.1\afd1e67a8f601fd36e6e3ba1a37f976f\appcompat-1.1.0-api.jar;C:\Users\Administrator\.gradle\caches\transforms-2\files-2.1\2b98eaea544cdea7bf0f7b0b1a2213df\jetified-core-ktx-1.2.0-api.jar;C:\Users\Administrator\.gradle\caches\transforms-2\files-2.1\a59fb920a27227af3143903f3968598b\jetified-lifecycle-runtime-ktx-2.2.0-api.jar;C:\Users\Administrator\.gradle\caches\transforms-2\files-2.1\0c328d4df4a7bed5b051be7a4e41ac4f\jetified-lifecycle-viewmodel-savedstate-2.2.0-api.jar;C:\Users\Administrator\.gradle\caches\transforms-2\files-2.1\920238803390b0f7b5d44f645cadca30\recyclerview-selection-1.1.0-rc01-api.jar;C:\Users\Administrator\.gradle\caches\transforms-2\files-2.1\e01ffa77463d4b7136bbdb57480769e6\recyclerview-1.1.0-api.jar;C:\Users\Administrator\.gradle\caches\transforms-2\files-2.1\ade0519fe3f1526ad4c8a0ec764602ee\fragment-1.1.0-api.jar;C:\Users\Administrator\.gradle\caches\transforms-2\files-2.1\3214bc561a05ceca734355c97e78e8be\jetified-appcompat-resources-1.1.0-api.jar;C:\Users\Administrator\.gradle\caches\transforms-2\files-2.1\5d986bf608c2573db3ef058785eb344e\drawerlayout-1.0.0-api.jar;C:\Users\Administrator\.gradle\caches\transforms-2\files-2.1\a2
java_class_path (initial): C:\Users\Administrator\.gradle\caches\modules-2\files-2.1\org.jetbrains.kotlin\kotlin-compiler-embeddable\1.3.72\fb72232c8fa977d5e07d33c43381ddbdc5edab6\kotlin-compiler-embeddable-1.3.72.jar;C:\Users\Administrator\.gradle\caches\modules-2\files-2.1\org.jetbrains.kotlin\kotlin-reflect\1.3.72\86613e1a669a701b0c660bfd2af4f82a7ae11fca\kotlin-reflect-1.3.72.jar;C:\Users\Administrator\.gradle\caches\modules-2\files-2.1\org.jetbrains.kotlin\kotlin-stdlib\1.3.72\8032138f12c0180bc4e51fe139d4c52b46db6109\kotlin-stdlib-1.3.72.jar;C:\Users\Administrator\.gradle\caches\modules-2\files-2.1\org.jetbrains.kotlin\kotlin-script-runtime\1.3.72\657d8d34d91e1964b4439378c09933e840bfe8d5\kotlin-script-runtime-1.3.72.jar;C:\Users\Administrator\.gradle\caches\modules-2\files-2.1\org.jetbrains.kotlin\kotlin-daemon-embeddable\1.3.72\53bbaa2816dbf6bdb85f629451b1fcc88f2164d2\kotlin-daemon-embeddable-1.3.72.jar;C:\Users\Administrator\.gradle\caches\modules-2\files-2.1\org.jetbrains.intellij.deps\trove4j\1.0.20181211\216c2e14b070f334479d800987affe4054cd563f\trove4j-1.0.20181211.jar;C:\Users\Administrator\.gradle\caches\modules-2\files-2.1\org.jetbrains.kotlin\kotlin-stdlib-common\1.3.72\6ca8bee3d88957eaaaef077c41c908c9940492d8\kotlin-stdlib-common-1.3.72.jar;C:\Users\Administrator\.gradle\caches\modules-2\files-2.1\org.jetbrains\annotations\13.0\919f0dfe192fb4e063e7dacadee7f8bb9a2672a9\annotations-13.0.jar;E:\Android Studio\jre\lib\tools.jar
Launcher Type: SUN_STANDARD

Environment Variables:
PATH=C:\Python36\Scripts\;C:\Python36\;D:\app\Administrator\product\11.2.0\dbhome_1\bin;C:\Program Files\Java\jdk1.8.0_161\bin;C:\Program Files (x86)\Intel\iCLS Client\;C:\Program Files\Intel\iCLS Client\;C:\Program Files (x86)\Wizvera\Delfino;C:\WINDOWS\system32;C:\WINDOWS;C:\WINDOWS\System32\Wbem;C:\WINDOWS\System32\WindowsPowerShell\v1.0\;C:\Program Files (x86)\Intel\Intel(R) Management Engine Components\DAL;C:\Program Files\Intel\Intel(R) Management Engine Components\DAL;C:\Program Files (x86)\Intel\Intel(R) Management Engine Components\IPT;C:\Program Files\Intel\Intel(R) Management Engine Components\IPT;C:\Program Files\Microsoft SQL Server\110\Tools\Binn\;C:\Program Files\Microsoft SQL Server\120\Tools\Binn\;C:\Program Files (x86)\Windows Kits\10\Windows Performance Toolkit\;;C:\WINDOWS\System32\OpenSSH\;D:\보갱\맨텍교육\;C:\Users\Administrator\AppData\Local\Microsoft\WindowsApps;C:\Users\Administrator\AppData\Local\Microsoft\WindowsApps;C:\Program Files\Bandizip\;
USERNAME=Administrator
OS=Windows_NT
PROCESSOR_IDENTIFIER=Intel64 Family 6 Model 58 Stepping 9, GenuineIntel



---------------  S Y S T E M  ---------------

OS: Windows 10.0 , 64 bit Build 18362 (10.0.18362.778)

CPU:total 4 (initial active 4) (2 cores per cpu, 2 threads per core) family 6 model 58 stepping 9, cmov, cx8, fxsr, mmx, sse, sse2, sse3, ssse3, sse4.1, sse4.2, popcnt, avx, aes, clmul, erms, ht, tsc, tscinvbit, tscinv

Memory: 4k page, physical 8164892k(1867752k free), swap 10262044k(10988k free)

vm_info: OpenJDK 64-Bit Server VM (25.212-b04) for windows-amd64 JRE (1.8.0_212-release-1586-b04), built by "builder" with MS VC++ 10.0 (VS2010)

time: Sun May 10 22:06:47 2020
timezone: 대한민국 표준시
elapsed time: 13 seconds (0d 0h 0m 13s)

